{
"contracts\\RobotCore.sol":{"l":{"21":414,"22":414,"42":48,"43":46,"44":45,"45":44,"46":44,"47":44,"48":44,"49":44,"73":44,"74":44,"75":44,"76":44,"77":44,"78":352,"79":352,"80":352,"81":44,"82":20,"84":24,"86":44,"87":44,"89":146,"90":146,"91":146,"93":162,"94":162,"95":162,"99":44,"100":44,"101":6,"103":38,"106":44,"107":352,"108":352,"109":308,"111":352,"112":44,"115":44,"135":44,"136":44,"137":3,"138":3,"140":4,"141":4,"143":37,"145":44,"161":1046,"162":1045,"163":1045,"164":1045,"182":103,"183":103,"184":103,"185":103,"186":103,"187":103,"188":103,"189":103,"196":1},"path":"C:\\Users\\Om Shiv\\Downloads\\New folder\\TechnoirClub-Marketplace-master\\contracts\\RobotCore.sol","s":{"1":414,"2":48,"3":46,"4":45,"5":44,"6":44,"7":44,"8":44,"9":44,"10":44,"11":44,"12":44,"13":44,"14":44,"15":352,"16":44,"17":308,"18":44,"19":44,"20":44,"21":352,"22":352,"23":44,"24":44,"25":44,"26":41,"27":44,"28":1046,"29":1045,"30":1045,"31":103,"32":103,"33":1},"b":{"1":[414,0],"2":[46,2],"3":[45,1],"4":[44,1],"5":[44,308],"6":[20,24],"7":[146,162],"8":[6,38],"9":[308,44],"10":[44,308],"11":[3,41],"12":[4,37],"13":[1045,1],"14":[103,0]},"f":{"1":414,"2":48,"3":44,"4":44,"5":1046,"6":103,"7":1},"fnMap":{"1":{"name":"constructor","line":20,"loc":{"start":{"line":20,"column":4},"end":{"line":23,"column":4}}},"2":{"name":"modifying","line":41,"loc":{"start":{"line":41,"column":4},"end":{"line":50,"column":4}}},"3":{"name":"_newRobotId","line":68,"loc":{"start":{"line":68,"column":4},"end":{"line":116,"column":4}}},"4":{"name":"_newRobotGeneration","line":130,"loc":{"start":{"line":130,"column":4},"end":{"line":146,"column":4}}},"5":{"name":"createRobotGen0","line":160,"loc":{"start":{"line":160,"column":4},"end":{"line":165,"column":4}}},"6":{"name":"getRobot","line":170,"loc":{"start":{"line":170,"column":4},"end":{"line":190,"column":4}}},"7":{"name":"getCreatedGen0","line":195,"loc":{"start":{"line":195,"column":4},"end":{"line":197,"column":4}}}},"statementMap":{"1":{"start":{"line":21,"column":8},"end":{"line":21,"column":57}},"2":{"start":{"line":42,"column":8},"end":{"line":42,"column":111}},"3":{"start":{"line":43,"column":8},"end":{"line":43,"column":112}},"4":{"start":{"line":44,"column":8},"end":{"line":44,"column":99}},"5":{"start":{"line":45,"column":8},"end":{"line":45,"column":110}},"6":{"start":{"line":46,"column":8},"end":{"line":46,"column":113}},"7":{"start":{"line":47,"column":8},"end":{"line":47,"column":81}},"8":{"start":{"line":48,"column":8},"end":{"line":48,"column":112}},"9":{"start":{"line":49,"column":8},"end":{"line":49,"column":114}},"10":{"start":{"line":73,"column":8},"end":{"line":73,"column":26}},"11":{"start":{"line":74,"column":8},"end":{"line":74,"column":32}},"12":{"start":{"line":75,"column":8},"end":{"line":75,"column":24}},"13":{"start":{"line":76,"column":8},"end":{"line":76,"column":22}},"14":{"start":{"line":77,"column":8},"end":{"line":77,"column":4072}},"15":{"start":{"line":80,"column":12},"end":{"line":80,"column":4264}},"16":{"start":{"line":81,"column":16},"end":{"line":81,"column":4299}},"17":{"start":{"line":88,"column":19},"end":{"line":88,"column":4594}},"18":{"start":{"line":99,"column":8},"end":{"line":99,"column":46}},"19":{"start":{"line":100,"column":8},"end":{"line":100,"column":5068}},"20":{"start":{"line":106,"column":8},"end":{"line":106,"column":5292}},"21":{"start":{"line":108,"column":12},"end":{"line":108,"column":5380}},"22":{"start":{"line":111,"column":12},"end":{"line":111,"column":5455}},"23":{"start":{"line":115,"column":8},"end":{"line":115,"column":25}},"24":{"start":{"line":135,"column":8},"end":{"line":135,"column":37}},"25":{"start":{"line":136,"column":8},"end":{"line":136,"column":6542}},"26":{"start":{"line":139,"column":15},"end":{"line":139,"column":6726}},"27":{"start":{"line":145,"column":8},"end":{"line":145,"column":33}},"28":{"start":{"line":161,"column":8},"end":{"line":161,"column":103}},"29":{"start":{"line":163,"column":8},"end":{"line":163,"column":64}},"30":{"start":{"line":164,"column":8},"end":{"line":164,"column":35}},"31":{"start":{"line":182,"column":8},"end":{"line":182,"column":41}},"32":{"start":{"line":183,"column":8},"end":{"line":183,"column":62}},"33":{"start":{"line":196,"column":8},"end":{"line":196,"column":27}}},"branchMap":{"1":{"line":21,"type":"if","locations":[{"start":{"line":21,"column":8},"end":{"line":21,"column":8}},{"start":{"line":21,"column":8},"end":{"line":21,"column":8}}]},"2":{"line":42,"type":"if","locations":[{"start":{"line":42,"column":8},"end":{"line":42,"column":8}},{"start":{"line":42,"column":8},"end":{"line":42,"column":8}}]},"3":{"line":43,"type":"if","locations":[{"start":{"line":43,"column":8},"end":{"line":43,"column":8}},{"start":{"line":43,"column":8},"end":{"line":43,"column":8}}]},"4":{"line":44,"type":"if","locations":[{"start":{"line":44,"column":8},"end":{"line":44,"column":8}},{"start":{"line":44,"column":8},"end":{"line":44,"column":8}}]},"5":{"line":80,"type":"if","locations":[{"start":{"line":80,"column":12},"end":{"line":80,"column":12}},{"start":{"line":80,"column":12},"end":{"line":80,"column":12}}]},"6":{"line":81,"type":"if","locations":[{"start":{"line":81,"column":16},"end":{"line":81,"column":16}},{"start":{"line":81,"column":16},"end":{"line":81,"column":16}}]},"7":{"line":88,"type":"if","locations":[{"start":{"line":88,"column":19},"end":{"line":88,"column":19}},{"start":{"line":88,"column":19},"end":{"line":88,"column":19}}]},"8":{"line":100,"type":"if","locations":[{"start":{"line":100,"column":8},"end":{"line":100,"column":8}},{"start":{"line":100,"column":8},"end":{"line":100,"column":8}}]},"9":{"line":108,"type":"if","locations":[{"start":{"line":108,"column":12},"end":{"line":108,"column":12}},{"start":{"line":108,"column":12},"end":{"line":108,"column":12}}]},"10":{"line":111,"type":"if","locations":[{"start":{"line":111,"column":12},"end":{"line":111,"column":12}},{"start":{"line":111,"column":12},"end":{"line":111,"column":12}}]},"11":{"line":136,"type":"if","locations":[{"start":{"line":136,"column":8},"end":{"line":136,"column":8}},{"start":{"line":136,"column":8},"end":{"line":136,"column":8}}]},"12":{"line":139,"type":"if","locations":[{"start":{"line":139,"column":15},"end":{"line":139,"column":15}},{"start":{"line":139,"column":15},"end":{"line":139,"column":15}}]},"13":{"line":161,"type":"if","locations":[{"start":{"line":161,"column":8},"end":{"line":161,"column":8}},{"start":{"line":161,"column":8},"end":{"line":161,"column":8}}]},"14":{"line":183,"type":"if","locations":[{"start":{"line":183,"column":8},"end":{"line":183,"column":8}},{"start":{"line":183,"column":8},"end":{"line":183,"column":8}}]}}},
"contracts\\RobotFactory.sol":{"l":{"59":1089,"60":1089,"61":1089,"69":1089,"70":1089,"71":1089,"72":1089,"81":11,"82":11,"83":1,"85":10,"86":10,"87":10,"88":10,"89":100,"90":34,"91":34,"94":10,"102":11},"path":"C:\\Users\\Om Shiv\\Downloads\\New folder\\TechnoirClub-Marketplace-master\\contracts\\RobotFactory.sol","s":{"1":1089,"2":1089,"3":1089,"4":1089,"5":1089,"6":1089,"7":1089,"8":11,"9":11,"10":1,"11":10,"12":10,"13":10,"14":10,"15":100,"16":10,"17":11},"b":{"1":[1,10],"2":[34,66]},"f":{"1":1089,"2":11,"3":11},"fnMap":{"1":{"name":"_createRobot","line":52,"loc":{"start":{"line":52,"column":4},"end":{"line":73,"column":4}}},"2":{"name":"tokensOfOwner","line":80,"loc":{"start":{"line":80,"column":4},"end":{"line":96,"column":4}}},"3":{"name":"totalSupply","line":101,"loc":{"start":{"line":101,"column":4},"end":{"line":103,"column":4}}}},"statementMap":{"1":{"start":{"line":59,"column":8},"end":{"line":59,"column":48}},"2":{"start":{"line":60,"column":8},"end":{"line":60,"column":50}},"3":{"start":{"line":61,"column":8},"end":{"line":61,"column":2014}},"4":{"start":{"line":69,"column":8},"end":{"line":69,"column":27}},"5":{"start":{"line":70,"column":8},"end":{"line":70,"column":116}},"6":{"start":{"line":71,"column":8},"end":{"line":71,"column":42}},"7":{"start":{"line":72,"column":8},"end":{"line":72,"column":23}},"8":{"start":{"line":81,"column":8},"end":{"line":81,"column":46}},"9":{"start":{"line":82,"column":8},"end":{"line":82,"column":2882}},"10":{"start":{"line":83,"column":12},"end":{"line":83,"column":35}},"11":{"start":{"line":85,"column":12},"end":{"line":85,"column":63}},"12":{"start":{"line":86,"column":12},"end":{"line":86,"column":47}},"13":{"start":{"line":87,"column":12},"end":{"line":87,"column":35}},"14":{"start":{"line":88,"column":12},"end":{"line":88,"column":3126}},"15":{"start":{"line":89,"column":16},"end":{"line":89,"column":3209}},"16":{"start":{"line":94,"column":12},"end":{"line":94,"column":25}},"17":{"start":{"line":102,"column":8},"end":{"line":102,"column":33}}},"branchMap":{"1":{"line":82,"type":"if","locations":[{"start":{"line":82,"column":8},"end":{"line":82,"column":8}},{"start":{"line":82,"column":8},"end":{"line":82,"column":8}}]},"2":{"line":89,"type":"if","locations":[{"start":{"line":89,"column":16},"end":{"line":89,"column":16}},{"start":{"line":89,"column":16},"end":{"line":89,"column":16}}]}}},
"contracts\\RobotMarketPlace.sol":{"l":{"47":1055,"48":1054,"49":1053,"50":1053,"51":1053,"52":1053,"53":1053,"54":1053,"70":7,"71":6,"72":6,"73":5,"74":5,"75":5,"76":5,"77":5,"92":4,"93":4,"94":2,"95":2,"96":2,"97":2,"98":2,"99":2,"100":2,"115":3,"116":3,"123":5,"124":5,"125":1,"127":4,"128":4,"129":4,"130":38,"131":38,"134":4},"path":"C:\\Users\\Om Shiv\\Downloads\\New folder\\TechnoirClub-Marketplace-master\\contracts\\RobotMarketPlace.sol","s":{"1":1055,"2":1054,"3":1053,"4":1053,"5":1053,"6":1053,"7":7,"8":6,"9":6,"10":5,"11":5,"12":5,"13":4,"14":4,"15":2,"16":2,"17":2,"18":2,"19":2,"20":3,"21":3,"22":5,"23":5,"24":1,"25":4,"26":4,"27":4,"28":38,"29":4},"b":{"1":[1054,1],"2":[1053,1],"3":[6,1],"4":[5,1],"5":[2,2],"6":[1,4],"7":[38,0]},"f":{"1":1055,"2":7,"3":4,"4":3,"5":5},"fnMap":{"1":{"name":"setOffer","line":46,"loc":{"start":{"line":46,"column":4},"end":{"line":55,"column":4}}},"2":{"name":"removeOffer","line":69,"loc":{"start":{"line":69,"column":4},"end":{"line":78,"column":4}}},"3":{"name":"buyRobot","line":91,"loc":{"start":{"line":91,"column":4},"end":{"line":101,"column":4}}},"4":{"name":"getOffer","line":106,"loc":{"start":{"line":106,"column":4},"end":{"line":117,"column":4}}},"5":{"name":"getAllTokensOnSale","line":122,"loc":{"start":{"line":122,"column":4},"end":{"line":136,"column":4}}}},"statementMap":{"1":{"start":{"line":47,"column":8},"end":{"line":47,"column":51}},"2":{"start":{"line":48,"column":8},"end":{"line":48,"column":92}},"3":{"start":{"line":49,"column":8},"end":{"line":49,"column":100}},"4":{"start":{"line":51,"column":8},"end":{"line":51,"column":27}},"5":{"start":{"line":52,"column":8},"end":{"line":52,"column":42}},"6":{"start":{"line":54,"column":8},"end":{"line":54,"column":68}},"7":{"start":{"line":70,"column":8},"end":{"line":70,"column":82}},"8":{"start":{"line":71,"column":8},"end":{"line":71,"column":54}},"9":{"start":{"line":72,"column":8},"end":{"line":72,"column":66}},"10":{"start":{"line":74,"column":8},"end":{"line":74,"column":20}},"11":{"start":{"line":76,"column":8},"end":{"line":76,"column":37}},"12":{"start":{"line":77,"column":8},"end":{"line":77,"column":68}},"13":{"start":{"line":92,"column":8},"end":{"line":92,"column":54}},"14":{"start":{"line":93,"column":8},"end":{"line":93,"column":68}},"15":{"start":{"line":95,"column":8},"end":{"line":95,"column":20}},"16":{"start":{"line":97,"column":8},"end":{"line":97,"column":37}},"17":{"start":{"line":98,"column":8},"end":{"line":98,"column":55}},"18":{"start":{"line":99,"column":8},"end":{"line":99,"column":39}},"19":{"start":{"line":100,"column":8},"end":{"line":100,"column":59}},"20":{"start":{"line":115,"column":8},"end":{"line":115,"column":55}},"21":{"start":{"line":116,"column":8},"end":{"line":116,"column":57}},"22":{"start":{"line":123,"column":8},"end":{"line":123,"column":44}},"23":{"start":{"line":124,"column":8},"end":{"line":124,"column":4345}},"24":{"start":{"line":125,"column":12},"end":{"line":125,"column":35}},"25":{"start":{"line":127,"column":12},"end":{"line":127,"column":71}},"26":{"start":{"line":128,"column":12},"end":{"line":128,"column":27}},"27":{"start":{"line":129,"column":12},"end":{"line":129,"column":4541}},"28":{"start":{"line":130,"column":16},"end":{"line":130,"column":4615}},"29":{"start":{"line":134,"column":12},"end":{"line":134,"column":32}}},"branchMap":{"1":{"line":47,"type":"if","locations":[{"start":{"line":47,"column":8},"end":{"line":47,"column":8}},{"start":{"line":47,"column":8},"end":{"line":47,"column":8}}]},"2":{"line":48,"type":"if","locations":[{"start":{"line":48,"column":8},"end":{"line":48,"column":8}},{"start":{"line":48,"column":8},"end":{"line":48,"column":8}}]},"3":{"line":70,"type":"if","locations":[{"start":{"line":70,"column":8},"end":{"line":70,"column":8}},{"start":{"line":70,"column":8},"end":{"line":70,"column":8}}]},"4":{"line":72,"type":"if","locations":[{"start":{"line":72,"column":8},"end":{"line":72,"column":8}},{"start":{"line":72,"column":8},"end":{"line":72,"column":8}}]},"5":{"line":93,"type":"if","locations":[{"start":{"line":93,"column":8},"end":{"line":93,"column":8}},{"start":{"line":93,"column":8},"end":{"line":93,"column":8}}]},"6":{"line":124,"type":"if","locations":[{"start":{"line":124,"column":8},"end":{"line":124,"column":8}},{"start":{"line":124,"column":8},"end":{"line":124,"column":8}}]},"7":{"line":130,"type":"if","locations":[{"start":{"line":130,"column":16},"end":{"line":130,"column":16}},{"start":{"line":130,"column":16},"end":{"line":130,"column":16}}]}}}}
